2025-01-23 13:43:09.4080 Info Now listening on: http://localhost:5292 
2025-01-23 13:43:09.4248 Info Application started. Press Ctrl+C to shut down. 
2025-01-23 13:43:09.4248 Info Hosting environment: Development 
2025-01-23 13:43:09.4248 Info Content root path: C:\Users\hp\CompanyManagement\CompanyManagement 
2025-01-23 13:43:15.4007 Info Request starting HTTP/1.1 GET http://localhost:5292/ - - - 
2025-01-23 13:43:15.4604 Warn Failed to determine the https port for redirect. 
2025-01-23 13:43:15.5148 Info Request finished HTTP/1.1 GET http://localhost:5292/ - 301 0 - 104.0348ms 
2025-01-23 13:43:15.5148 Info Request starting HTTP/1.1 GET http://localhost:5292/index.html - - - 
2025-01-23 13:43:15.6081 Info Request finished HTTP/1.1 GET http://localhost:5292/index.html - 200 - text/html;charset=utf-8 88.1011ms 
2025-01-23 13:43:15.6081 Info Request starting HTTP/1.1 GET http://localhost:5292/swagger-ui.css - - - 
2025-01-23 13:43:15.6235 Info Request starting HTTP/1.1 GET http://localhost:5292/index.css - - - 
2025-01-23 13:43:15.6235 Info Request starting HTTP/1.1 GET http://localhost:5292/swagger-ui-standalone-preset.js - - - 
2025-01-23 13:43:15.6235 Info Request starting HTTP/1.1 GET http://localhost:5292/swagger-ui-bundle.js - - - 
2025-01-23 13:43:15.6235 Info Request starting HTTP/1.1 GET http://localhost:5292/_framework/aspnetcore-browser-refresh.js - - - 
2025-01-23 13:43:15.6235 Info Request starting HTTP/1.1 GET http://localhost:5292/index.js - - - 
2025-01-23 13:43:15.6337 Info Request finished HTTP/1.1 GET http://localhost:5292/index.js - 200 - application/javascript;charset=utf-8 3.1366ms 
2025-01-23 13:43:15.6337 Info Request finished HTTP/1.1 GET http://localhost:5292/_framework/aspnetcore-browser-refresh.js - 200 13748 application/javascript;+charset=utf-8 5.7464ms 
2025-01-23 13:43:15.6495 Info Sending file. Request path: '/index.css'. Physical path: 'N/A' 
2025-01-23 13:43:15.6495 Info Request finished HTTP/1.1 GET http://localhost:5292/index.css - 200 202 text/css 26.4296ms 
2025-01-23 13:43:15.6495 Info Sending file. Request path: '/swagger-ui.css'. Physical path: 'N/A' 
2025-01-23 13:43:15.6495 Info Sending file. Request path: '/swagger-ui-standalone-preset.js'. Physical path: 'N/A' 
2025-01-23 13:43:15.6629 Info Request finished HTTP/1.1 GET http://localhost:5292/swagger-ui.css - 200 152035 text/css 41.3124ms 
2025-01-23 13:43:15.6629 Info Request finished HTTP/1.1 GET http://localhost:5292/swagger-ui-standalone-preset.js - 200 230007 text/javascript 35.1029ms 
2025-01-23 13:43:15.6896 Info Sending file. Request path: '/swagger-ui-bundle.js'. Physical path: 'N/A' 
2025-01-23 13:43:15.6896 Info Request finished HTTP/1.1 GET http://localhost:5292/swagger-ui-bundle.js - 200 1426050 text/javascript 61.2492ms 
2025-01-23 13:43:15.8277 Info Request starting HTTP/1.1 GET http://localhost:5292/swagger/v1/swagger.json - - - 
2025-01-23 13:43:15.8548 Info Request starting HTTP/1.1 GET http://localhost:5292/favicon-32x32.png - - - 
2025-01-23 13:43:15.8548 Info Sending file. Request path: '/favicon-32x32.png'. Physical path: 'N/A' 
2025-01-23 13:43:15.8548 Info Request finished HTTP/1.1 GET http://localhost:5292/favicon-32x32.png - 200 628 image/png 1.3123ms 
2025-01-23 13:43:16.0926 Info Request finished HTTP/1.1 GET http://localhost:5292/swagger/v1/swagger.json - 200 - application/json;charset=utf-8 264.9261ms 
2025-01-23 13:43:22.1046 Info Request starting HTTP/1.1 GET http://localhost:5292/api/Company?sortBy=Name&sortDirection=asc - - - 
2025-01-23 13:43:22.1046 Info Executing endpoint 'DotnetAPI.Controllers.CompanyController.GetAllCompanies (CompanyManagement)' 
2025-01-23 13:43:22.1470 Info Route matched with {action = "GetAllCompanies", controller = "Company"}. Executing controller action with signature System.Threading.Tasks.Task`1[Microsoft.AspNetCore.Mvc.IActionResult] GetAllCompanies(System.String, System.String) on controller DotnetAPI.Controllers.CompanyController (CompanyManagement). 
2025-01-23 13:43:23.9330 Error Failed executing DbCommand (22ms) [Parameters=[], CommandType='Text', CommandTimeout='30']
SELECT c."Id", c."Name", s."CompanyId", s."EmployeeId", s."Id", s."FullName", s."Position"
FROM "Companies" AS c
LEFT JOIN (
    SELECT c0."CompanyId", c0."EmployeeId", e."Id", e."FullName", e."Position"
    FROM "CompanyEmployees" AS c0
    INNER JOIN "Employees" AS e ON c0."EmployeeId" = e."Id"
) AS s ON c."Id" = s."CompanyId"
ORDER BY c."Name", c."Id", s."CompanyId", s."EmployeeId" 
2025-01-23 13:43:23.9515 Error An exception occurred while iterating over the results of a query for context type 'DotnetAPI.Data.CompanyDbContext'.
Npgsql.PostgresException (0x80004005): 42P01: relation "CompanyEmployees" does not exist

POSITION: 218
   at Npgsql.Internal.NpgsqlConnector.ReadMessageLong(Boolean async, DataRowLoadingMode dataRowLoadingMode, Boolean readingNotifications, Boolean isReadingPrependedMessage)
   at System.Runtime.CompilerServices.PoolingAsyncValueTaskMethodBuilder`1.StateMachineBox`1.System.Threading.Tasks.Sources.IValueTaskSource<TResult>.GetResult(Int16 token)
   at Npgsql.NpgsqlDataReader.NextResult(Boolean async, Boolean isConsuming, CancellationToken cancellationToken)
   at Npgsql.NpgsqlDataReader.NextResult(Boolean async, Boolean isConsuming, CancellationToken cancellationToken)
   at Npgsql.NpgsqlCommand.ExecuteReader(Boolean async, CommandBehavior behavior, CancellationToken cancellationToken)
   at Npgsql.NpgsqlCommand.ExecuteReader(Boolean async, CommandBehavior behavior, CancellationToken cancellationToken)
   at Npgsql.NpgsqlCommand.ExecuteDbDataReaderAsync(CommandBehavior behavior, CancellationToken cancellationToken)
   at Microsoft.EntityFrameworkCore.Storage.RelationalCommand.ExecuteReaderAsync(RelationalCommandParameterObject parameterObject, CancellationToken cancellationToken)
   at Microsoft.EntityFrameworkCore.Storage.RelationalCommand.ExecuteReaderAsync(RelationalCommandParameterObject parameterObject, CancellationToken cancellationToken)
   at Microsoft.EntityFrameworkCore.Query.Internal.SingleQueryingEnumerable`1.AsyncEnumerator.InitializeReaderAsync(AsyncEnumerator enumerator, CancellationToken cancellationToken)
   at Npgsql.EntityFrameworkCore.PostgreSQL.Storage.Internal.NpgsqlExecutionStrategy.ExecuteAsync[TState,TResult](TState state, Func`4 operation, Func`4 verifySucceeded, CancellationToken cancellationToken)
   at Microsoft.EntityFrameworkCore.Query.Internal.SingleQueryingEnumerable`1.AsyncEnumerator.MoveNextAsync()
  Exception data:
    Severity: ERROR
    SqlState: 42P01
    MessageText: relation "CompanyEmployees" does not exist
    Position: 218
    File: parse_relation.c
    Line: 1452
    Routine: parserOpenTable Npgsql.PostgresException (0x80004005): 42P01: relation "CompanyEmployees" does not exist

POSITION: 218
   at Npgsql.Internal.NpgsqlConnector.ReadMessageLong(Boolean async, DataRowLoadingMode dataRowLoadingMode, Boolean readingNotifications, Boolean isReadingPrependedMessage)
   at System.Runtime.CompilerServices.PoolingAsyncValueTaskMethodBuilder`1.StateMachineBox`1.System.Threading.Tasks.Sources.IValueTaskSource<TResult>.GetResult(Int16 token)
   at Npgsql.NpgsqlDataReader.NextResult(Boolean async, Boolean isConsuming, CancellationToken cancellationToken)
   at Npgsql.NpgsqlDataReader.NextResult(Boolean async, Boolean isConsuming, CancellationToken cancellationToken)
   at Npgsql.NpgsqlCommand.ExecuteReader(Boolean async, CommandBehavior behavior, CancellationToken cancellationToken)
   at Npgsql.NpgsqlCommand.ExecuteReader(Boolean async, CommandBehavior behavior, CancellationToken cancellationToken)
   at Npgsql.NpgsqlCommand.ExecuteDbDataReaderAsync(CommandBehavior behavior, CancellationToken cancellationToken)
   at Microsoft.EntityFrameworkCore.Storage.RelationalCommand.ExecuteReaderAsync(RelationalCommandParameterObject parameterObject, CancellationToken cancellationToken)
   at Microsoft.EntityFrameworkCore.Storage.RelationalCommand.ExecuteReaderAsync(RelationalCommandParameterObject parameterObject, CancellationToken cancellationToken)
   at Microsoft.EntityFrameworkCore.Query.Internal.SingleQueryingEnumerable`1.AsyncEnumerator.InitializeReaderAsync(AsyncEnumerator enumerator, CancellationToken cancellationToken)
   at Npgsql.EntityFrameworkCore.PostgreSQL.Storage.Internal.NpgsqlExecutionStrategy.ExecuteAsync[TState,TResult](TState state, Func`4 operation, Func`4 verifySucceeded, CancellationToken cancellationToken)
   at Microsoft.EntityFrameworkCore.Query.Internal.SingleQueryingEnumerable`1.AsyncEnumerator.MoveNextAsync()
  Exception data:
    Severity: ERROR
    SqlState: 42P01
    MessageText: relation "CompanyEmployees" does not exist
    Position: 218
    File: parse_relation.c
    Line: 1452
    Routine: parserOpenTable Severity: ERROR;InvariantSeverity: ERROR;SqlState: 42P01;MessageText: relation "CompanyEmployees" does not exist;Position: 218;File: parse_relation.c;Line: 1452;Routine: parserOpenTable
2025-01-23 13:43:23.9690 Info Executed action DotnetAPI.Controllers.CompanyController.GetAllCompanies (CompanyManagement) in 1815.178ms 
2025-01-23 13:43:23.9690 Info Executed endpoint 'DotnetAPI.Controllers.CompanyController.GetAllCompanies (CompanyManagement)' 
2025-01-23 13:43:23.9869 Info Request finished HTTP/1.1 GET http://localhost:5292/api/Company?sortBy=Name&sortDirection=asc - 500 - application/json 1882.6179ms 
2025-01-23 13:43:30.7840 Info Application is shutting down... 
2025-01-23 13:45:22.0282 Info Executed DbCommand (13ms) [Parameters=[], CommandType='Text', CommandTimeout='30']
SELECT "MigrationId", "ProductVersion"
FROM "__EFMigrationsHistory"
ORDER BY "MigrationId"; 
2025-01-23 13:45:22.2058 Info Executed DbCommand (5ms) [Parameters=[], CommandType='Text', CommandTimeout='30']
CREATE TABLE IF NOT EXISTS "__EFMigrationsHistory" (
    "MigrationId" character varying(150) NOT NULL,
    "ProductVersion" character varying(32) NOT NULL,
    CONSTRAINT "PK___EFMigrationsHistory" PRIMARY KEY ("MigrationId")
); 
2025-01-23 13:45:22.2115 Info Acquiring an exclusive lock for migration application. See https://aka.ms/efcore-docs-migrations-lock for more information if this takes too long. 
2025-01-23 13:45:22.2115 Info Executed DbCommand (3ms) [Parameters=[], CommandType='Text', CommandTimeout='30']
LOCK TABLE "__EFMigrationsHistory" IN ACCESS EXCLUSIVE MODE 
2025-01-23 13:45:22.2115 Info Executed DbCommand (0ms) [Parameters=[], CommandType='Text', CommandTimeout='30']
SELECT "MigrationId", "ProductVersion"
FROM "__EFMigrationsHistory"
ORDER BY "MigrationId"; 
2025-01-23 13:45:22.2254 Info Applying migration '20250123114510_InitialCreate'. 
2025-01-23 13:45:22.2598 Error Failed executing DbCommand (24ms) [Parameters=[], CommandType='Text', CommandTimeout='30']
CREATE TABLE "Companies" (
    "Id" integer GENERATED BY DEFAULT AS IDENTITY,
    "Name" text NOT NULL,
    CONSTRAINT "PK_Companies" PRIMARY KEY ("Id")
); 
2025-01-23 13:47:21.4902 Info Now listening on: http://localhost:5292 
2025-01-23 13:47:21.5133 Info Application started. Press Ctrl+C to shut down. 
2025-01-23 13:47:21.5133 Info Hosting environment: Development 
2025-01-23 13:47:21.5133 Info Content root path: C:\Users\hp\CompanyManagement\CompanyManagement 
2025-01-23 13:47:26.5691 Info Request starting HTTP/1.1 GET http://localhost:5292/index.html - - - 
2025-01-23 13:47:26.5887 Warn Failed to determine the https port for redirect. 
2025-01-23 13:47:26.6688 Info Request finished HTTP/1.1 GET http://localhost:5292/index.html - 200 - text/html;charset=utf-8 95.4649ms 
2025-01-23 13:47:26.7133 Info Request starting HTTP/1.1 GET http://localhost:5292/index.js - - - 
2025-01-23 13:47:26.7133 Info Request starting HTTP/1.1 GET http://localhost:5292/_framework/aspnetcore-browser-refresh.js - - - 
2025-01-23 13:47:26.7174 Info Request finished HTTP/1.1 GET http://localhost:5292/_framework/aspnetcore-browser-refresh.js - 200 13748 application/javascript;+charset=utf-8 3.9686ms 
2025-01-23 13:47:26.7174 Info Request finished HTTP/1.1 GET http://localhost:5292/index.js - 200 - application/javascript;charset=utf-8 4.7286ms 
2025-01-23 13:47:26.8546 Info Request starting HTTP/1.1 GET http://localhost:5292/swagger/v1/swagger.json - - - 
2025-01-23 13:47:26.9539 Info Request finished HTTP/1.1 GET http://localhost:5292/swagger/v1/swagger.json - 200 - application/json;charset=utf-8 99.2471ms 
2025-01-23 13:47:32.8648 Info Request starting HTTP/1.1 GET http://localhost:5292/api/Company?sortBy=Name&sortDirection=asc - - - 
2025-01-23 13:47:32.8648 Info Executing endpoint 'DotnetAPI.Controllers.CompanyController.GetAllCompanies (CompanyManagement)' 
2025-01-23 13:47:32.9042 Info Route matched with {action = "GetAllCompanies", controller = "Company"}. Executing controller action with signature System.Threading.Tasks.Task`1[Microsoft.AspNetCore.Mvc.IActionResult] GetAllCompanies(System.String, System.String) on controller DotnetAPI.Controllers.CompanyController (CompanyManagement). 
2025-01-23 13:47:34.1155 Error Failed executing DbCommand (27ms) [Parameters=[], CommandType='Text', CommandTimeout='30']
SELECT c."Id", c."Name", s."CompanyId", s."EmployeeId", s."Id", s."FullName", s."Position"
FROM "Companies" AS c
LEFT JOIN (
    SELECT c0."CompanyId", c0."EmployeeId", e."Id", e."FullName", e."Position"
    FROM "CompanyEmployees" AS c0
    INNER JOIN "Employees" AS e ON c0."EmployeeId" = e."Id"
) AS s ON c."Id" = s."CompanyId"
ORDER BY c."Name", c."Id", s."CompanyId", s."EmployeeId" 
2025-01-23 13:47:34.1431 Error An exception occurred while iterating over the results of a query for context type 'DotnetAPI.Data.CompanyDbContext'.
Npgsql.PostgresException (0x80004005): 42P01: relation "CompanyEmployees" does not exist

POSITION: 218
   at Npgsql.Internal.NpgsqlConnector.ReadMessageLong(Boolean async, DataRowLoadingMode dataRowLoadingMode, Boolean readingNotifications, Boolean isReadingPrependedMessage)
   at System.Runtime.CompilerServices.PoolingAsyncValueTaskMethodBuilder`1.StateMachineBox`1.System.Threading.Tasks.Sources.IValueTaskSource<TResult>.GetResult(Int16 token)
   at Npgsql.NpgsqlDataReader.NextResult(Boolean async, Boolean isConsuming, CancellationToken cancellationToken)
   at Npgsql.NpgsqlDataReader.NextResult(Boolean async, Boolean isConsuming, CancellationToken cancellationToken)
   at Npgsql.NpgsqlCommand.ExecuteReader(Boolean async, CommandBehavior behavior, CancellationToken cancellationToken)
   at Npgsql.NpgsqlCommand.ExecuteReader(Boolean async, CommandBehavior behavior, CancellationToken cancellationToken)
   at Npgsql.NpgsqlCommand.ExecuteDbDataReaderAsync(CommandBehavior behavior, CancellationToken cancellationToken)
   at Microsoft.EntityFrameworkCore.Storage.RelationalCommand.ExecuteReaderAsync(RelationalCommandParameterObject parameterObject, CancellationToken cancellationToken)
   at Microsoft.EntityFrameworkCore.Storage.RelationalCommand.ExecuteReaderAsync(RelationalCommandParameterObject parameterObject, CancellationToken cancellationToken)
   at Microsoft.EntityFrameworkCore.Query.Internal.SingleQueryingEnumerable`1.AsyncEnumerator.InitializeReaderAsync(AsyncEnumerator enumerator, CancellationToken cancellationToken)
   at Npgsql.EntityFrameworkCore.PostgreSQL.Storage.Internal.NpgsqlExecutionStrategy.ExecuteAsync[TState,TResult](TState state, Func`4 operation, Func`4 verifySucceeded, CancellationToken cancellationToken)
   at Microsoft.EntityFrameworkCore.Query.Internal.SingleQueryingEnumerable`1.AsyncEnumerator.MoveNextAsync()
  Exception data:
    Severity: ERROR
    SqlState: 42P01
    MessageText: relation "CompanyEmployees" does not exist
    Position: 218
    File: parse_relation.c
    Line: 1452
    Routine: parserOpenTable Npgsql.PostgresException (0x80004005): 42P01: relation "CompanyEmployees" does not exist

POSITION: 218
   at Npgsql.Internal.NpgsqlConnector.ReadMessageLong(Boolean async, DataRowLoadingMode dataRowLoadingMode, Boolean readingNotifications, Boolean isReadingPrependedMessage)
   at System.Runtime.CompilerServices.PoolingAsyncValueTaskMethodBuilder`1.StateMachineBox`1.System.Threading.Tasks.Sources.IValueTaskSource<TResult>.GetResult(Int16 token)
   at Npgsql.NpgsqlDataReader.NextResult(Boolean async, Boolean isConsuming, CancellationToken cancellationToken)
   at Npgsql.NpgsqlDataReader.NextResult(Boolean async, Boolean isConsuming, CancellationToken cancellationToken)
   at Npgsql.NpgsqlCommand.ExecuteReader(Boolean async, CommandBehavior behavior, CancellationToken cancellationToken)
   at Npgsql.NpgsqlCommand.ExecuteReader(Boolean async, CommandBehavior behavior, CancellationToken cancellationToken)
   at Npgsql.NpgsqlCommand.ExecuteDbDataReaderAsync(CommandBehavior behavior, CancellationToken cancellationToken)
   at Microsoft.EntityFrameworkCore.Storage.RelationalCommand.ExecuteReaderAsync(RelationalCommandParameterObject parameterObject, CancellationToken cancellationToken)
   at Microsoft.EntityFrameworkCore.Storage.RelationalCommand.ExecuteReaderAsync(RelationalCommandParameterObject parameterObject, CancellationToken cancellationToken)
   at Microsoft.EntityFrameworkCore.Query.Internal.SingleQueryingEnumerable`1.AsyncEnumerator.InitializeReaderAsync(AsyncEnumerator enumerator, CancellationToken cancellationToken)
   at Npgsql.EntityFrameworkCore.PostgreSQL.Storage.Internal.NpgsqlExecutionStrategy.ExecuteAsync[TState,TResult](TState state, Func`4 operation, Func`4 verifySucceeded, CancellationToken cancellationToken)
   at Microsoft.EntityFrameworkCore.Query.Internal.SingleQueryingEnumerable`1.AsyncEnumerator.MoveNextAsync()
  Exception data:
    Severity: ERROR
    SqlState: 42P01
    MessageText: relation "CompanyEmployees" does not exist
    Position: 218
    File: parse_relation.c
    Line: 1452
    Routine: parserOpenTable Severity: ERROR;InvariantSeverity: ERROR;SqlState: 42P01;MessageText: relation "CompanyEmployees" does not exist;Position: 218;File: parse_relation.c;Line: 1452;Routine: parserOpenTable
2025-01-23 13:47:34.1588 Info Executed action DotnetAPI.Controllers.CompanyController.GetAllCompanies (CompanyManagement) in 1248.9553ms 
2025-01-23 13:47:34.1588 Info Executed endpoint 'DotnetAPI.Controllers.CompanyController.GetAllCompanies (CompanyManagement)' 
2025-01-23 13:47:34.1872 Info Request finished HTTP/1.1 GET http://localhost:5292/api/Company?sortBy=Name&sortDirection=asc - 500 - application/json 1322.5560ms 
2025-01-23 13:47:44.2924 Info Application is shutting down... 
